Reading authors from JSON files...

Found 26 unique authors:

  1. 袣邪虅谢褨写邪虅褋
  2. 楔褉墨 小邪褌褜褟胁褉邪褌 袦褍薪褨
  3. 楔褉墨谢邪 袘谐邪泻褌褨 袪邪泻褕邪泻 楔褉墨写谐邪褉 袛械胁-覑芯褋胁邪虅屑墨 袦邪褏邪虅褉邪虅写卸
  4. 楔褉墨谢邪 袘谐邪泻褌褨 小褍写谐墨褉 覑芯褋胁邪虅屑墨 袦邪褏邪虅褉邪虅写卸
  5. 楔褉墨谢邪 袘谐邪泻褌褨 小褍薪写邪褉 覑芯胁褨薪写邪 袛械胁-覑芯褋胁邪虅屑墨 袦邪褏邪虅褉邪虅写卸
  6. 楔褉墨谢邪 袘谐邪泻褌褨胁褨薪芯写 孝褏邪虅泻褍褉
  7. 楔褉墨谢邪 袘谐邪泻褌褨褋褨写写谐邪虅薪褌邪 小邪褉邪褋胁邪褌墨 孝褏邪虅泻褍褉
  8. 楔褉墨谢邪 袙邪虅褋褍写械胁邪 袚芯褕邪
  9. 楔褉墨谢邪 袙褉懈薪写邪虅胁邪薪 袛邪虅褋 孝褏邪虅泻褍褉
 10. 楔褉墨谢邪 袙褨写褜褟锌邪褌褨
 11. 楔褉墨谢邪 袙褨褕胁邪薪邪虅褌褏 效邪泻褉邪胁邪褉褌墨 孝褏邪虅泻褍褉
 12. 楔褉墨谢邪 袛卸邪褟写械胁邪 覑芯褋胁邪虅屑墨
 13. 楔褉墨谢邪 袣褉懈褕薪邪写邪虅褋 袣邪胁褨褉邪虅写卸 覑芯褋胁邪虅屑墨
 14. 楔褉墨谢邪 袥芯褔邪薪 袛邪虅褋 孝褏邪虅泻褍褉
 15. 楔褉墨谢邪 袧邪褉芯褌褌邪屑 袛邪虅褋 孝褏邪虅泻褍褉
 16. 楔褉墨谢邪 袧邪褟薪邪虅薪邪薪写邪 袛邪虅褋
 17. 楔褉墨谢邪 袩褉械屑邪虅薪邪薪写邪 袛邪虅褋
 18. 楔褉墨谢邪 袪邪谐褍薪邪虅褌褏 袛邪虅褋 覑芯褋胁邪虅屑墨 袩褉邪斜谐褍
 19. 楔褉墨谢邪 袪盈锌邪 覑芯褋胁邪虅屑墨
 20. 楔褉墨谢邪 小邪褉邪褋胁邪褌褨 孝褏邪虅泻褍褉
 21. 楔褉墨谢邪 效邪薪写褉邪褕褦泻褏邪褉邪 袣邪胁褨
 22. 楔褉墨谢邪 楔褉墨薪褨胁邪虅褋 袗虅褔邪虅褉始褟
 23. 楔褉墨谢邪 覑芯胁褨薪写邪 袛邪虅褋 袣邪胁褨褉邪虅写卸
 24. 楔褉墨锌邪虅写 袘. 袗. 袩邪褉邪屑邪褏邪屑褋邪 袦邪褏邪虅褉邪虅写卸
 25. 楔褉墨锌邪虅写 袘谐邪泻褌褨 袗虅薪邪薪写邪 小邪虅覒邪褉 袦邪褏邪虅褉邪虅写卸
 26. 覑芯锌邪虅谢 覑芯胁褨薪写邪 袦邪褏邪薪褌邪
